<?xml version="1.0" encoding="UTF-8"?>
<!-- Generated by org.testng.reporters.JUnitReportReporter -->
<testsuite hostname="DESKTOP-SCOLV34" failures="0" tests="1" name="code1.Demo" time="2.409" errors="0" timestamp="2024-10-11T01:33:27 BDT" skipped="0">
  <testcase classname="code1.Demo" name="googleSearch" time="2.409"/>
</testsuite> <!-- code1.Demo -->
