<?xml version="1.0" encoding="UTF-8"?>
<!-- Generated by org.testng.reporters.JUnitReportReporter -->
<testsuite hostname="DESKTOP-SCOLV34" failures="0" tests="1" name="code1.Automation_" time="0.231" errors="0" timestamp="2024-10-11T01:30:08 BDT" skipped="0">
  <testcase classname="code1.Automation_" name="oprnUrl" time="0.231"/>
</testsuite> <!-- code1.Automation_ -->
