<?xml version="1.0" encoding="UTF-8"?>
<!-- Generated by org.testng.reporters.JUnitReportReporter -->
<testsuite hostname="DESKTOP-SCOLV34" failures="0" tests="1" name="code1.Login" time="0.672" errors="0" timestamp="2024-10-10T01:36:28 BDT" skipped="0">
  <testcase classname="code1.Login" name="startBrowser" time="0.672"/>
</testsuite> <!-- code1.Login -->
